2021-09-14 01:04:34.954  INFO dina-laptop --- [           main] .b.t.c.SpringBootTestContextBootstrapper : Neither @ContextConfiguration nor @ContextHierarchy found for test class [com.example.entrenamiento.EntrenamientoApplicationTests], using SpringBootContextLoader
2021-09-14 01:04:34.978  INFO dina-laptop --- [           main] o.s.t.c.s.AbstractContextLoader          : Could not detect default resource locations for test class [com.example.entrenamiento.EntrenamientoApplicationTests]: no resource found for suffixes {-context.xml, Context.groovy}.
2021-09-14 01:04:34.980  INFO dina-laptop --- [           main] t.c.s.AnnotationConfigContextLoaderUtils : Could not detect default configuration classes for test class [com.example.entrenamiento.EntrenamientoApplicationTests]: EntrenamientoApplicationTests does not declare any static, non-private, non-final, nested classes annotated with @Configuration.
2021-09-14 01:04:35.163  INFO dina-laptop --- [           main] .b.t.c.SpringBootTestContextBootstrapper : Found @SpringBootConfiguration com.example.entrenamiento.EntrenamientoApplication for test class com.example.entrenamiento.EntrenamientoApplicationTests
2021-09-14 01:04:35.364  INFO dina-laptop --- [           main] .b.t.c.SpringBootTestContextBootstrapper : Loaded default TestExecutionListener class names from location [META-INF/spring.factories]: [org.springframework.boot.test.mock.mockito.MockitoTestExecutionListener, org.springframework.boot.test.mock.mockito.ResetMocksTestExecutionListener, org.springframework.boot.test.autoconfigure.restdocs.RestDocsTestExecutionListener, org.springframework.boot.test.autoconfigure.web.client.MockRestServiceServerResetTestExecutionListener, org.springframework.boot.test.autoconfigure.web.servlet.MockMvcPrintOnlyOnFailureTestExecutionListener, org.springframework.boot.test.autoconfigure.web.servlet.WebDriverTestExecutionListener, org.springframework.boot.test.autoconfigure.webservices.client.MockWebServiceServerTestExecutionListener, org.springframework.test.context.web.ServletTestExecutionListener, org.springframework.test.context.support.DirtiesContextBeforeModesTestExecutionListener, org.springframework.test.context.event.ApplicationEventsTestExecutionListener, org.springframework.test.context.support.DependencyInjectionTestExecutionListener, org.springframework.test.context.support.DirtiesContextTestExecutionListener, org.springframework.test.context.transaction.TransactionalTestExecutionListener, org.springframework.test.context.jdbc.SqlScriptsTestExecutionListener, org.springframework.test.context.event.EventPublishingTestExecutionListener, org.springframework.security.test.context.support.WithSecurityContextTestExecutionListener, org.springframework.security.test.context.support.ReactorContextTestExecutionListener]
2021-09-14 01:04:35.397  INFO dina-laptop --- [           main] .b.t.c.SpringBootTestContextBootstrapper : Using TestExecutionListeners: [org.springframework.test.context.web.ServletTestExecutionListener@5a62b2a4, org.springframework.test.context.support.DirtiesContextBeforeModesTestExecutionListener@1051817b, org.springframework.test.context.event.ApplicationEventsTestExecutionListener@35293c05, org.springframework.boot.test.mock.mockito.MockitoTestExecutionListener@620aa4ea, org.springframework.boot.test.autoconfigure.SpringBootDependencyInjectionTestExecutionListener@2db2dd9d, org.springframework.test.context.support.DirtiesContextTestExecutionListener@3174cb09, org.springframework.test.context.transaction.TransactionalTestExecutionListener@4d411036, org.springframework.test.context.jdbc.SqlScriptsTestExecutionListener@7adbd080, org.springframework.test.context.event.EventPublishingTestExecutionListener@41beb473, org.springframework.security.test.context.support.WithSecurityContextTestExecutionListener@560513ce, org.springframework.security.test.context.support.ReactorContextTestExecutionListener@13006998, org.springframework.boot.test.mock.mockito.ResetMocksTestExecutionListener@37fbe4a8, org.springframework.boot.test.autoconfigure.restdocs.RestDocsTestExecutionListener@352c308, org.springframework.boot.test.autoconfigure.web.client.MockRestServiceServerResetTestExecutionListener@7d373bcf, org.springframework.boot.test.autoconfigure.web.servlet.MockMvcPrintOnlyOnFailureTestExecutionListener@6d6bc158, org.springframework.boot.test.autoconfigure.web.servlet.WebDriverTestExecutionListener@5dda6f9, org.springframework.boot.test.autoconfigure.webservices.client.MockWebServiceServerTestExecutionListener@10027fc9]
2021-09-14 01:04:35.981  INFO dina-laptop --- [           main] c.e.e.EntrenamientoApplicationTests      : Starting EntrenamientoApplicationTests using Java 16.0.2 on dina-laptop with PID 20868 (started by dini in D:\WORK\Entrenamiento\entrenamiento)
2021-09-14 01:04:35.991  INFO dina-laptop --- [           main] c.e.e.EntrenamientoApplicationTests      : No active profile set, falling back to default profiles: default
2021-09-14 01:04:37.379  INFO dina-laptop --- [           main] .s.d.r.c.RepositoryConfigurationDelegate : Bootstrapping Spring Data JPA repositories in DEFAULT mode.
2021-09-14 01:04:37.489  INFO dina-laptop --- [           main] .s.d.r.c.RepositoryConfigurationDelegate : Finished Spring Data repository scanning in 87 ms. Found 1 JPA repository interfaces.
2021-09-14 01:04:38.334  INFO dina-laptop --- [           main] c.z.h.HikariDataSource                   : HikariPool-1 - Starting...
2021-09-14 01:04:38.754  INFO dina-laptop --- [           main] c.z.h.HikariDataSource                   : HikariPool-1 - Start completed.
2021-09-14 01:04:39.098  INFO dina-laptop --- [           main] o.h.j.i.u.LogHelper                      : HHH000204: Processing PersistenceUnitInfo [name: default]
2021-09-14 01:04:39.224  INFO dina-laptop --- [           main] o.h.Version                              : HHH000412: Hibernate ORM core version 5.4.32.Final
2021-09-14 01:04:39.439  INFO dina-laptop --- [           main] o.h.a.c.Version                          : HCANN000001: Hibernate Commons Annotations {5.1.2.Final}
2021-09-14 01:04:39.864  INFO dina-laptop --- [           main] o.h.d.Dialect                            : HHH000400: Using dialect: org.hibernate.dialect.MySQL8Dialect
2021-09-14 01:04:40.980  INFO dina-laptop --- [           main] o.h.e.t.j.p.i.JtaPlatformInitiator       : HHH000490: Using JtaPlatform implementation: [org.hibernate.engine.transaction.jta.platform.internal.NoJtaPlatform]
2021-09-14 01:04:40.996  INFO dina-laptop --- [           main] j.LocalContainerEntityManagerFactoryBean : Initialized JPA EntityManagerFactory for persistence unit 'default'
2021-09-14 01:04:41.046  INFO dina-laptop --- [           main] o.s.a.f.CglibAopProxy                    : Unable to proxy interface-implementing method [public final void org.springframework.dao.support.DaoSupport.afterPropertiesSet() throws java.lang.IllegalArgumentException,org.springframework.beans.factory.BeanInitializationException] because it is marked as final: Consider using interface-based JDK proxies instead!
2021-09-14 01:04:41.634  INFO dina-laptop --- [           main] o.s.a.f.CglibAopProxy                    : Unable to proxy interface-implementing method [public final void org.springframework.dao.support.DaoSupport.afterPropertiesSet() throws java.lang.IllegalArgumentException,org.springframework.beans.factory.BeanInitializationException] because it is marked as final: Consider using interface-based JDK proxies instead!
2021-09-14 01:04:42.155  WARN dina-laptop --- [           main] JpaBaseConfiguration$JpaWebConfiguration : spring.jpa.open-in-view is enabled by default. Therefore, database queries may be performed during view rendering. Explicitly configure spring.jpa.open-in-view to disable this warning
2021-09-14 01:04:43.362  INFO dina-laptop --- [           main] .s.s.UserDetailsServiceAutoConfiguration : 

Using generated security password: 25a2b28c-a959-4bf3-a076-c9820045eef9

2021-09-14 01:04:43.881  INFO dina-laptop --- [           main] o.s.s.w.DefaultSecurityFilterChain       : Will secure any request with [org.springframework.security.web.context.request.async.WebAsyncManagerIntegrationFilter@5a079446, org.springframework.security.web.context.SecurityContextPersistenceFilter@4f629aa4, org.springframework.security.web.header.HeaderWriterFilter@2aa65672, org.springframework.security.web.csrf.CsrfFilter@4dd425dc, org.springframework.security.web.authentication.logout.LogoutFilter@37dc7661, org.springframework.security.web.authentication.UsernamePasswordAuthenticationFilter@5a941fb4, org.springframework.security.web.authentication.ui.DefaultLoginPageGeneratingFilter@1c09bb7a, org.springframework.security.web.authentication.ui.DefaultLogoutPageGeneratingFilter@694c0ed1, org.springframework.security.web.authentication.www.BasicAuthenticationFilter@3cd89c72, org.springframework.security.web.savedrequest.RequestCacheAwareFilter@3f22ce2a, org.springframework.security.web.servletapi.SecurityContextHolderAwareRequestFilter@6c930e7e, org.springframework.security.web.authentication.AnonymousAuthenticationFilter@118f2486, org.springframework.security.web.session.SessionManagementFilter@24ac87a, org.springframework.security.web.access.ExceptionTranslationFilter@7a22302c, org.springframework.security.web.access.intercept.FilterSecurityInterceptor@519e67e]
2021-09-14 01:04:44.080  INFO dina-laptop --- [           main] c.e.e.EntrenamientoApplicationTests      : Started EntrenamientoApplicationTests in 8.562 seconds (JVM running for 10.817)
2021-09-14 01:04:44.758  INFO dina-laptop --- [ionShutdownHook] j.LocalContainerEntityManagerFactoryBean : Closing JPA EntityManagerFactory for persistence unit 'default'
2021-09-14 01:04:44.765  INFO dina-laptop --- [ionShutdownHook] c.z.h.HikariDataSource                   : HikariPool-1 - Shutdown initiated...
2021-09-14 01:04:44.796  INFO dina-laptop --- [ionShutdownHook] c.z.h.HikariDataSource                   : HikariPool-1 - Shutdown completed.
2021-09-14 07:30:42.004  INFO dina-laptop --- [           main] c.e.e.EntrenamientoApplication           : Starting EntrenamientoApplication using Java 16.0.2 on dina-laptop with PID 24828 (D:\WORK\Entrenamiento\entrenamiento\target\classes started by dini in D:\WORK\Entrenamiento\entrenamiento)
2021-09-14 07:30:42.023  INFO dina-laptop --- [           main] c.e.e.EntrenamientoApplication           : No active profile set, falling back to default profiles: default
2021-09-14 07:30:42.841  INFO dina-laptop --- [           main] .s.d.r.c.RepositoryConfigurationDelegate : Bootstrapping Spring Data JPA repositories in DEFAULT mode.
2021-09-14 07:30:42.913  INFO dina-laptop --- [           main] .s.d.r.c.RepositoryConfigurationDelegate : Finished Spring Data repository scanning in 62 ms. Found 1 JPA repository interfaces.
2021-09-14 07:30:43.521  INFO dina-laptop --- [           main] o.s.b.w.e.t.TomcatWebServer              : Tomcat initialized with port(s): 8080 (http)
2021-09-14 07:30:43.535  INFO dina-laptop --- [           main] o.a.c.h.Http11NioProtocol                : Initializing ProtocolHandler ["http-nio-8080"]
2021-09-14 07:30:43.536  INFO dina-laptop --- [           main] o.a.c.c.StandardService                  : Starting service [Tomcat]
2021-09-14 07:30:43.536  INFO dina-laptop --- [           main] o.a.c.c.StandardEngine                   : Starting Servlet engine: [Apache Tomcat/9.0.52]
2021-09-14 07:30:43.663  INFO dina-laptop --- [           main] o.a.c.c.C.[.[.[/]                        : Initializing Spring embedded WebApplicationContext
2021-09-14 07:30:43.664  INFO dina-laptop --- [           main] w.s.c.ServletWebServerApplicationContext : Root WebApplicationContext: initialization completed in 1586 ms
2021-09-14 07:30:43.780  INFO dina-laptop --- [           main] c.z.h.HikariDataSource                   : HikariPool-1 - Starting...
2021-09-14 07:30:43.953  INFO dina-laptop --- [           main] c.z.h.HikariDataSource                   : HikariPool-1 - Start completed.
2021-09-14 07:30:44.072  INFO dina-laptop --- [           main] o.h.j.i.u.LogHelper                      : HHH000204: Processing PersistenceUnitInfo [name: default]
2021-09-14 07:30:44.192  INFO dina-laptop --- [           main] o.h.Version                              : HHH000412: Hibernate ORM core version 5.4.32.Final
2021-09-14 07:30:44.399  INFO dina-laptop --- [           main] o.h.a.c.Version                          : HCANN000001: Hibernate Commons Annotations {5.1.2.Final}
2021-09-14 07:30:44.544  INFO dina-laptop --- [           main] o.h.d.Dialect                            : HHH000400: Using dialect: org.hibernate.dialect.MySQL8Dialect
2021-09-14 07:30:45.353  INFO dina-laptop --- [           main] o.h.e.t.j.p.i.JtaPlatformInitiator       : HHH000490: Using JtaPlatform implementation: [org.hibernate.engine.transaction.jta.platform.internal.NoJtaPlatform]
2021-09-14 07:30:45.364  INFO dina-laptop --- [           main] j.LocalContainerEntityManagerFactoryBean : Initialized JPA EntityManagerFactory for persistence unit 'default'
2021-09-14 07:30:45.380  INFO dina-laptop --- [           main] o.s.a.f.CglibAopProxy                    : Unable to proxy interface-implementing method [public final void org.springframework.dao.support.DaoSupport.afterPropertiesSet() throws java.lang.IllegalArgumentException,org.springframework.beans.factory.BeanInitializationException] because it is marked as final: Consider using interface-based JDK proxies instead!
2021-09-14 07:30:45.647  INFO dina-laptop --- [           main] o.s.a.f.CglibAopProxy                    : Unable to proxy interface-implementing method [public final void org.springframework.dao.support.DaoSupport.afterPropertiesSet() throws java.lang.IllegalArgumentException,org.springframework.beans.factory.BeanInitializationException] because it is marked as final: Consider using interface-based JDK proxies instead!
2021-09-14 07:30:45.655  WARN dina-laptop --- [           main] ConfigServletWebServerApplicationContext : Exception encountered during context initialization - cancelling refresh attempt: org.springframework.beans.factory.BeanCreationException: Error creating bean with name 'jwtProvider' defined in file [D:\WORK\Entrenamiento\entrenamiento\target\classes\com\example\entrenamiento\security\JwtProvider.class]: Unexpected exception during bean creation; nested exception is java.lang.IllegalArgumentException: Could not resolve placeholder 'security.jwt.token.secret-key' in value "${security.jwt.token.secret-key}"
2021-09-14 07:30:45.658  INFO dina-laptop --- [           main] j.LocalContainerEntityManagerFactoryBean : Closing JPA EntityManagerFactory for persistence unit 'default'
2021-09-14 07:30:45.661  INFO dina-laptop --- [           main] c.z.h.HikariDataSource                   : HikariPool-1 - Shutdown initiated...
2021-09-14 07:30:45.670  INFO dina-laptop --- [           main] c.z.h.HikariDataSource                   : HikariPool-1 - Shutdown completed.
2021-09-14 07:30:45.673  INFO dina-laptop --- [           main] o.a.c.c.StandardService                  : Stopping service [Tomcat]
2021-09-14 07:30:45.687  INFO dina-laptop --- [           main] ConditionEvaluationReportLoggingListener : 

Error starting ApplicationContext. To display the conditions report re-run your application with 'debug' enabled.
2021-09-14 07:30:45.711 ERROR dina-laptop --- [           main] o.s.b.SpringApplication                  : Application run failed
org.springframework.beans.factory.BeanCreationException: Error creating bean with name 'jwtProvider' defined in file [D:\WORK\Entrenamiento\entrenamiento\target\classes\com\example\entrenamiento\security\JwtProvider.class]: Unexpected exception during bean creation; nested exception is java.lang.IllegalArgumentException: Could not resolve placeholder 'security.jwt.token.secret-key' in value "${security.jwt.token.secret-key}"
	at org.springframework.beans.factory.support.AbstractAutowireCapableBeanFactory.createBean(AbstractAutowireCapableBeanFactory.java:537)
	at org.springframework.beans.factory.support.AbstractBeanFactory.lambda$doGetBean$0(AbstractBeanFactory.java:335)
	at org.springframework.beans.factory.support.DefaultSingletonBeanRegistry.getSingleton(DefaultSingletonBeanRegistry.java:234)
	at org.springframework.beans.factory.support.AbstractBeanFactory.doGetBean(AbstractBeanFactory.java:333)
	at org.springframework.beans.factory.support.AbstractBeanFactory.getBean(AbstractBeanFactory.java:208)
	at org.springframework.beans.factory.support.DefaultListableBeanFactory.preInstantiateSingletons(DefaultListableBeanFactory.java:944)
	at org.springframework.context.support.AbstractApplicationContext.finishBeanFactoryInitialization(AbstractApplicationContext.java:918)
	at org.springframework.context.support.AbstractApplicationContext.refresh(AbstractApplicationContext.java:583)
	at org.springframework.boot.web.servlet.context.ServletWebServerApplicationContext.refresh(ServletWebServerApplicationContext.java:145)
	at org.springframework.boot.SpringApplication.refresh(SpringApplication.java:754)
	at org.springframework.boot.SpringApplication.refreshContext(SpringApplication.java:434)
	at org.springframework.boot.SpringApplication.run(SpringApplication.java:338)
	at org.springframework.boot.SpringApplication.run(SpringApplication.java:1343)
	at org.springframework.boot.SpringApplication.run(SpringApplication.java:1332)
	at com.example.entrenamiento.EntrenamientoApplication.main(EntrenamientoApplication.java:19)
Caused by: java.lang.IllegalArgumentException: Could not resolve placeholder 'security.jwt.token.secret-key' in value "${security.jwt.token.secret-key}"
	at org.springframework.util.PropertyPlaceholderHelper.parseStringValue(PropertyPlaceholderHelper.java:180)
	at org.springframework.util.PropertyPlaceholderHelper.replacePlaceholders(PropertyPlaceholderHelper.java:126)
	at org.springframework.core.env.AbstractPropertyResolver.doResolvePlaceholders(AbstractPropertyResolver.java:239)
	at org.springframework.core.env.AbstractPropertyResolver.resolveRequiredPlaceholders(AbstractPropertyResolver.java:210)
	at org.springframework.context.support.PropertySourcesPlaceholderConfigurer.lambda$processProperties$0(PropertySourcesPlaceholderConfigurer.java:175)
	at org.springframework.beans.factory.support.AbstractBeanFactory.resolveEmbeddedValue(AbstractBeanFactory.java:936)
	at org.springframework.beans.factory.support.DefaultListableBeanFactory.doResolveDependency(DefaultListableBeanFactory.java:1321)
	at org.springframework.beans.factory.support.DefaultListableBeanFactory.resolveDependency(DefaultListableBeanFactory.java:1300)
	at org.springframework.beans.factory.support.ConstructorResolver.resolveAutowiredArgument(ConstructorResolver.java:887)
	at org.springframework.beans.factory.support.ConstructorResolver.createArgumentArray(ConstructorResolver.java:791)
	at org.springframework.beans.factory.support.ConstructorResolver.autowireConstructor(ConstructorResolver.java:229)
	at org.springframework.beans.factory.support.AbstractAutowireCapableBeanFactory.autowireConstructor(AbstractAutowireCapableBeanFactory.java:1354)
	at org.springframework.beans.factory.support.AbstractAutowireCapableBeanFactory.createBeanInstance(AbstractAutowireCapableBeanFactory.java:1204)
	at org.springframework.beans.factory.support.AbstractAutowireCapableBeanFactory.doCreateBean(AbstractAutowireCapableBeanFactory.java:564)
	at org.springframework.beans.factory.support.AbstractAutowireCapableBeanFactory.createBean(AbstractAutowireCapableBeanFactory.java:524)
	... 14 more
2021-09-14 07:43:56.495  INFO dina-laptop --- [           main] c.e.e.EntrenamientoApplication           : Starting EntrenamientoApplication using Java 16.0.2 on dina-laptop with PID 19980 (D:\WORK\Entrenamiento\entrenamiento\target\classes started by dini in D:\WORK\Entrenamiento\entrenamiento)
2021-09-14 07:43:56.510  INFO dina-laptop --- [           main] c.e.e.EntrenamientoApplication           : No active profile set, falling back to default profiles: default
2021-09-14 07:43:57.295  INFO dina-laptop --- [           main] .s.d.r.c.RepositoryConfigurationDelegate : Bootstrapping Spring Data JPA repositories in DEFAULT mode.
2021-09-14 07:43:57.365  INFO dina-laptop --- [           main] .s.d.r.c.RepositoryConfigurationDelegate : Finished Spring Data repository scanning in 61 ms. Found 1 JPA repository interfaces.
2021-09-14 07:43:57.750  INFO dina-laptop --- [           main] trationDelegate$BeanPostProcessorChecker : Bean 'org.springframework.security.access.expression.method.DefaultMethodSecurityExpressionHandler@12d5c30e' of type [org.springframework.security.access.expression.method.DefaultMethodSecurityExpressionHandler] is not eligible for getting processed by all BeanPostProcessors (for example: not eligible for auto-proxying)
2021-09-14 07:43:57.756  INFO dina-laptop --- [           main] trationDelegate$BeanPostProcessorChecker : Bean 'methodSecurityMetadataSource' of type [org.springframework.security.access.method.DelegatingMethodSecurityMetadataSource] is not eligible for getting processed by all BeanPostProcessors (for example: not eligible for auto-proxying)
2021-09-14 07:43:58.011  INFO dina-laptop --- [           main] o.s.b.w.e.t.TomcatWebServer              : Tomcat initialized with port(s): 8080 (http)
2021-09-14 07:43:58.020  INFO dina-laptop --- [           main] o.a.c.h.Http11NioProtocol                : Initializing ProtocolHandler ["http-nio-8080"]
2021-09-14 07:43:58.021  INFO dina-laptop --- [           main] o.a.c.c.StandardService                  : Starting service [Tomcat]
2021-09-14 07:43:58.022  INFO dina-laptop --- [           main] o.a.c.c.StandardEngine                   : Starting Servlet engine: [Apache Tomcat/9.0.52]
2021-09-14 07:43:58.137  INFO dina-laptop --- [           main] o.a.c.c.C.[.[.[/]                        : Initializing Spring embedded WebApplicationContext
2021-09-14 07:43:58.137  INFO dina-laptop --- [           main] w.s.c.ServletWebServerApplicationContext : Root WebApplicationContext: initialization completed in 1575 ms
2021-09-14 07:43:58.256  INFO dina-laptop --- [           main] c.z.h.HikariDataSource                   : HikariPool-1 - Starting...
2021-09-14 07:43:58.419  INFO dina-laptop --- [           main] c.z.h.HikariDataSource                   : HikariPool-1 - Start completed.
2021-09-14 07:43:58.523  INFO dina-laptop --- [           main] o.h.j.i.u.LogHelper                      : HHH000204: Processing PersistenceUnitInfo [name: default]
2021-09-14 07:43:58.605  INFO dina-laptop --- [           main] o.h.Version                              : HHH000412: Hibernate ORM core version 5.4.32.Final
2021-09-14 07:43:58.760  INFO dina-laptop --- [           main] o.h.a.c.Version                          : HCANN000001: Hibernate Commons Annotations {5.1.2.Final}
2021-09-14 07:43:58.869  INFO dina-laptop --- [           main] o.h.d.Dialect                            : HHH000400: Using dialect: org.hibernate.dialect.MySQL8Dialect
2021-09-14 07:43:59.578  INFO dina-laptop --- [           main] o.h.e.t.j.p.i.JtaPlatformInitiator       : HHH000490: Using JtaPlatform implementation: [org.hibernate.engine.transaction.jta.platform.internal.NoJtaPlatform]
2021-09-14 07:43:59.588  INFO dina-laptop --- [           main] j.LocalContainerEntityManagerFactoryBean : Initialized JPA EntityManagerFactory for persistence unit 'default'
2021-09-14 07:43:59.611  INFO dina-laptop --- [           main] o.s.a.f.CglibAopProxy                    : Unable to proxy interface-implementing method [public final void org.springframework.dao.support.DaoSupport.afterPropertiesSet() throws java.lang.IllegalArgumentException,org.springframework.beans.factory.BeanInitializationException] because it is marked as final: Consider using interface-based JDK proxies instead!
2021-09-14 07:43:59.881  INFO dina-laptop --- [           main] o.s.a.f.CglibAopProxy                    : Unable to proxy interface-implementing method [public final void org.springframework.dao.support.DaoSupport.afterPropertiesSet() throws java.lang.IllegalArgumentException,org.springframework.beans.factory.BeanInitializationException] because it is marked as final: Consider using interface-based JDK proxies instead!
2021-09-14 07:43:59.934  WARN dina-laptop --- [           main] JpaBaseConfiguration$JpaWebConfiguration : spring.jpa.open-in-view is enabled by default. Therefore, database queries may be performed during view rendering. Explicitly configure spring.jpa.open-in-view to disable this warning
2021-09-14 07:44:00.192  INFO dina-laptop --- [           main] o.s.s.w.DefaultSecurityFilterChain       : Will secure any request with [org.springframework.security.web.context.request.async.WebAsyncManagerIntegrationFilter@42474b18, org.springframework.security.web.context.SecurityContextPersistenceFilter@21ba0d33, org.springframework.security.web.header.HeaderWriterFilter@5ae16aa, org.springframework.security.web.authentication.logout.LogoutFilter@441016d6, com.example.entrenamiento.security.JwtRequestFilter@5d94a2dc, org.springframework.security.web.savedrequest.RequestCacheAwareFilter@4fd63c43, org.springframework.security.web.servletapi.SecurityContextHolderAwareRequestFilter@70aa03c0, org.springframework.security.web.authentication.AnonymousAuthenticationFilter@31b91435, org.springframework.security.web.session.SessionManagementFilter@cd93621, org.springframework.security.web.access.ExceptionTranslationFilter@333a2df2, org.springframework.security.web.access.intercept.FilterSecurityInterceptor@42a97053]
2021-09-14 07:44:00.627  INFO dina-laptop --- [           main] o.a.c.h.Http11NioProtocol                : Starting ProtocolHandler ["http-nio-8080"]
2021-09-14 07:44:00.678  INFO dina-laptop --- [           main] o.s.b.w.e.t.TomcatWebServer              : Tomcat started on port(s): 8080 (http) with context path ''
2021-09-14 07:44:00.689  INFO dina-laptop --- [           main] c.e.e.EntrenamientoApplication           : Started EntrenamientoApplication in 4.61 seconds (JVM running for 6.076)
2021-09-14 07:44:00.693  INFO dina-laptop --- [           main] c.e.e.EntrenamientoApplication           : Info level log message
2021-09-14 07:44:00.693 ERROR dina-laptop --- [           main] c.e.e.EntrenamientoApplication           : Error level log message
2021-09-14 07:44:29.284  INFO dina-laptop --- [nio-8080-exec-1] o.a.c.c.C.[.[.[/]                        : Initializing Spring DispatcherServlet 'dispatcherServlet'
2021-09-14 07:44:29.285  INFO dina-laptop --- [nio-8080-exec-1] o.s.w.s.DispatcherServlet                : Initializing Servlet 'dispatcherServlet'
2021-09-14 07:44:29.287  INFO dina-laptop --- [nio-8080-exec-1] o.s.w.s.DispatcherServlet                : Completed initialization in 2 ms
2021-09-14 07:44:29.304  WARN dina-laptop --- [nio-8080-exec-1] c.e.e.s.JwtRequestFilter                 : JWT Token does not begin with Bearer String
2021-09-14 07:44:29.481  WARN dina-laptop --- [nio-8080-exec-2] c.e.e.s.JwtRequestFilter                 : JWT Token does not begin with Bearer String
2021-09-14 07:49:31.396  INFO dina-laptop --- [ionShutdownHook] j.LocalContainerEntityManagerFactoryBean : Closing JPA EntityManagerFactory for persistence unit 'default'
2021-09-14 07:49:31.402  INFO dina-laptop --- [ionShutdownHook] c.z.h.HikariDataSource                   : HikariPool-1 - Shutdown initiated...
2021-09-14 07:49:31.423  INFO dina-laptop --- [ionShutdownHook] c.z.h.HikariDataSource                   : HikariPool-1 - Shutdown completed.
2021-09-14 07:49:39.388  INFO dina-laptop --- [           main] c.e.e.EntrenamientoApplication           : Starting EntrenamientoApplication using Java 16.0.2 on dina-laptop with PID 2448 (D:\WORK\Entrenamiento\entrenamiento\target\classes started by dini in D:\WORK\Entrenamiento\entrenamiento)
2021-09-14 07:49:39.399  INFO dina-laptop --- [           main] c.e.e.EntrenamientoApplication           : No active profile set, falling back to default profiles: default
2021-09-14 07:49:40.182  INFO dina-laptop --- [           main] .s.d.r.c.RepositoryConfigurationDelegate : Bootstrapping Spring Data JPA repositories in DEFAULT mode.
2021-09-14 07:49:40.255  INFO dina-laptop --- [           main] .s.d.r.c.RepositoryConfigurationDelegate : Finished Spring Data repository scanning in 64 ms. Found 1 JPA repository interfaces.
2021-09-14 07:49:40.601  INFO dina-laptop --- [           main] trationDelegate$BeanPostProcessorChecker : Bean 'org.springframework.security.access.expression.method.DefaultMethodSecurityExpressionHandler@3a37a501' of type [org.springframework.security.access.expression.method.DefaultMethodSecurityExpressionHandler] is not eligible for getting processed by all BeanPostProcessors (for example: not eligible for auto-proxying)
2021-09-14 07:49:40.607  INFO dina-laptop --- [           main] trationDelegate$BeanPostProcessorChecker : Bean 'methodSecurityMetadataSource' of type [org.springframework.security.access.method.DelegatingMethodSecurityMetadataSource] is not eligible for getting processed by all BeanPostProcessors (for example: not eligible for auto-proxying)
2021-09-14 07:49:40.873  INFO dina-laptop --- [           main] o.s.b.w.e.t.TomcatWebServer              : Tomcat initialized with port(s): 8080 (http)
2021-09-14 07:49:40.883  INFO dina-laptop --- [           main] o.a.c.h.Http11NioProtocol                : Initializing ProtocolHandler ["http-nio-8080"]
2021-09-14 07:49:40.884  INFO dina-laptop --- [           main] o.a.c.c.StandardService                  : Starting service [Tomcat]
2021-09-14 07:49:40.885  INFO dina-laptop --- [           main] o.a.c.c.StandardEngine                   : Starting Servlet engine: [Apache Tomcat/9.0.52]
2021-09-14 07:49:41.016  INFO dina-laptop --- [           main] o.a.c.c.C.[.[.[/]                        : Initializing Spring embedded WebApplicationContext
2021-09-14 07:49:41.016  INFO dina-laptop --- [           main] w.s.c.ServletWebServerApplicationContext : Root WebApplicationContext: initialization completed in 1568 ms
2021-09-14 07:49:41.142  INFO dina-laptop --- [           main] c.z.h.HikariDataSource                   : HikariPool-1 - Starting...
2021-09-14 07:49:41.302  INFO dina-laptop --- [           main] c.z.h.HikariDataSource                   : HikariPool-1 - Start completed.
2021-09-14 07:49:41.403  INFO dina-laptop --- [           main] o.h.j.i.u.LogHelper                      : HHH000204: Processing PersistenceUnitInfo [name: default]
2021-09-14 07:49:41.487  INFO dina-laptop --- [           main] o.h.Version                              : HHH000412: Hibernate ORM core version 5.4.32.Final
2021-09-14 07:49:41.651  INFO dina-laptop --- [           main] o.h.a.c.Version                          : HCANN000001: Hibernate Commons Annotations {5.1.2.Final}
2021-09-14 07:49:41.766  INFO dina-laptop --- [           main] o.h.d.Dialect                            : HHH000400: Using dialect: org.hibernate.dialect.MySQL8Dialect
2021-09-14 07:49:42.456  INFO dina-laptop --- [           main] o.h.e.t.j.p.i.JtaPlatformInitiator       : HHH000490: Using JtaPlatform implementation: [org.hibernate.engine.transaction.jta.platform.internal.NoJtaPlatform]
2021-09-14 07:49:42.466  INFO dina-laptop --- [           main] j.LocalContainerEntityManagerFactoryBean : Initialized JPA EntityManagerFactory for persistence unit 'default'
2021-09-14 07:49:42.489  INFO dina-laptop --- [           main] o.s.a.f.CglibAopProxy                    : Unable to proxy interface-implementing method [public final void org.springframework.dao.support.DaoSupport.afterPropertiesSet() throws java.lang.IllegalArgumentException,org.springframework.beans.factory.BeanInitializationException] because it is marked as final: Consider using interface-based JDK proxies instead!
2021-09-14 07:49:42.553  WARN dina-laptop --- [           main] JpaBaseConfiguration$JpaWebConfiguration : spring.jpa.open-in-view is enabled by default. Therefore, database queries may be performed during view rendering. Explicitly configure spring.jpa.open-in-view to disable this warning
2021-09-14 07:49:42.871  INFO dina-laptop --- [           main] o.s.a.f.CglibAopProxy                    : Unable to proxy interface-implementing method [public final void org.springframework.dao.support.DaoSupport.afterPropertiesSet() throws java.lang.IllegalArgumentException,org.springframework.beans.factory.BeanInitializationException] because it is marked as final: Consider using interface-based JDK proxies instead!
2021-09-14 07:49:42.999  INFO dina-laptop --- [           main] o.s.s.w.DefaultSecurityFilterChain       : Will secure any request with [org.springframework.security.web.context.request.async.WebAsyncManagerIntegrationFilter@5eef8a16, org.springframework.security.web.context.SecurityContextPersistenceFilter@3be369fc, org.springframework.security.web.header.HeaderWriterFilter@141a10bf, org.springframework.security.web.authentication.logout.LogoutFilter@310f8a05, com.example.entrenamiento.security.JwtRequestFilter@32d5279, org.springframework.security.web.savedrequest.RequestCacheAwareFilter@6fbcc078, org.springframework.security.web.servletapi.SecurityContextHolderAwareRequestFilter@5065bdac, org.springframework.security.web.authentication.AnonymousAuthenticationFilter@1405aa6a, org.springframework.security.web.session.SessionManagementFilter@2ed84be9, org.springframework.security.web.access.ExceptionTranslationFilter@762f8ff6, org.springframework.security.web.access.intercept.FilterSecurityInterceptor@4eb73cc8]
2021-09-14 07:49:43.438  INFO dina-laptop --- [           main] o.a.c.h.Http11NioProtocol                : Starting ProtocolHandler ["http-nio-8080"]
2021-09-14 07:49:43.482  INFO dina-laptop --- [           main] o.s.b.w.e.t.TomcatWebServer              : Tomcat started on port(s): 8080 (http) with context path ''
2021-09-14 07:49:43.493  INFO dina-laptop --- [           main] c.e.e.EntrenamientoApplication           : Started EntrenamientoApplication in 4.513 seconds (JVM running for 5.965)
2021-09-14 07:49:43.495  INFO dina-laptop --- [           main] c.e.e.EntrenamientoApplication           : Info level log message
2021-09-14 07:49:43.496 ERROR dina-laptop --- [           main] c.e.e.EntrenamientoApplication           : Error level log message
2021-09-14 07:49:50.774  INFO dina-laptop --- [nio-8080-exec-1] o.a.c.c.C.[.[.[/]                        : Initializing Spring DispatcherServlet 'dispatcherServlet'
2021-09-14 07:49:50.774  INFO dina-laptop --- [nio-8080-exec-1] o.s.w.s.DispatcherServlet                : Initializing Servlet 'dispatcherServlet'
2021-09-14 07:49:50.777  INFO dina-laptop --- [nio-8080-exec-1] o.s.w.s.DispatcherServlet                : Completed initialization in 3 ms
2021-09-14 07:49:50.797  WARN dina-laptop --- [nio-8080-exec-1] c.e.e.s.JwtRequestFilter                 : JWT Token does not begin with Bearer String
2021-09-14 07:51:02.594  WARN dina-laptop --- [nio-8080-exec-3] c.e.e.s.JwtRequestFilter                 : JWT Token does not begin with Bearer String
2021-09-14 07:51:02.605  WARN dina-laptop --- [nio-8080-exec-3] .w.s.m.s.DefaultHandlerExceptionResolver : Resolved [org.springframework.web.HttpRequestMethodNotSupportedException: Request method 'GET' not supported]
2021-09-14 08:03:29.765  WARN dina-laptop --- [nio-8080-exec-5] c.e.e.s.JwtRequestFilter                 : JWT Token does not begin with Bearer String
2021-09-14 08:03:29.767  WARN dina-laptop --- [nio-8080-exec-5] .w.s.m.s.DefaultHandlerExceptionResolver : Resolved [org.springframework.web.HttpRequestMethodNotSupportedException: Request method 'GET' not supported]
2021-09-14 08:13:04.854  INFO dina-laptop --- [ionShutdownHook] j.LocalContainerEntityManagerFactoryBean : Closing JPA EntityManagerFactory for persistence unit 'default'
2021-09-14 08:13:04.860  INFO dina-laptop --- [ionShutdownHook] c.z.h.HikariDataSource                   : HikariPool-1 - Shutdown initiated...
2021-09-14 08:13:04.871  INFO dina-laptop --- [ionShutdownHook] c.z.h.HikariDataSource                   : HikariPool-1 - Shutdown completed.
